digraph tree {
	node [label="\N"];
	graph [bb="0,0,233.54,320"];
	0 [pos="34.537,301", width="0.75", height="0.52778"];
	2 [pos="34.537,19", width="0.75", height="0.52778"];
	4 [pos="188.54,19", width="0.75", height="0.52778"];
	1 [pos="34.537,207", width="0.75", height="0.52778"];
	3 [pos="115.54,113", width="0.75", height="0.52778"];
	1 -> 0 [label="  1.0", pos="e,34.537,281.98 34.537,226.32 34.537,239.42 34.537,256.99 34.537,271.79", lp="47.037,254"];
	4 -> 3 [label="  1.0", pos="e,137.16,101.26 184.21,37.822 180.83,49.645 175.2,64.734 166.54,76 160.88,83.353 153.37,89.895 145.86,95.357", lp="189.04,66"];
	3 -> 4 [label="  1.0", pos="e,200.8,36.106 142.22,109.97 163.33,106.01 191.52,96.911 205.54,76 211.7,66.805 209.72,55.317 205.34,45.068", lp="221.04,66"];
	3 -> 1 [label="  1.0", pos="e,57.521,197.01 111.47,132.03 108.18,143.93 102.58,159.03 93.537,170 86.176,178.93 76.073,186.35 66.307,192.15", lp="117.04,160"];
	1 -> 3 [label="  1.0", pos="e,94.422,125.16 41.683,188.48 46.85,176.64 54.653,161.41 64.537,150 70.611,142.99 78.258,136.56 85.769,131.1", lp="77.037,160"];
	3 -> 2 [label="  1.0", pos="e,57.521,28.99 111.47,93.974 108.18,82.07 102.58,66.967 93.537,56 86.176,47.072 76.073,39.649 66.307,33.852", lp="117.04,66"];
	2 -> 3 [label="  1.0", pos="e,94.422,100.84 41.683,37.517 46.85,49.362 54.653,64.589 64.537,76 70.611,83.013 78.258,89.44 85.769,94.9", lp="77.037,66"];
	2 -> 1 [label=" 10.0", pos="e,34.537,187.94 34.537,38.111 34.537,71.083 34.537,138.85 34.537,177.78", lp="48.537,113"];
	0 -> 1 [label="  1.0", pos="e,18.629,222.52 18.629,285.48 13.409,279.34 8.2532,271.87 5.5368,264 2.6364,255.6 2.6364,252.4 5.5368,244 7.1497,239.33 9.6225,234.8\
 12.458,230.6", lp="18.037,254"];
	1 -> 2 [label=" 10.0", pos="e,24.497,36.822 24.497,189.18 16.773,174.39 6.733,152.53 2.5368,132 -0.84561,115.45 -0.84561,110.55 2.5368,94 5.9462,77.322 13.213\
,59.764 19.962,45.832", lp="16.537,113"];
	1 -> 0 [color=blue, pos="e,49.097,284.87 49.097,223.13 53.685,229.23 58.17,236.51 60.537,244 63.217,252.48 63.217,255.52 60.537,264 59.205,268.21 57.204,\
272.36 54.891,276.26"];
	1 -> 3 [color=blue, pos="e,90.784,120.96 35.389,187.89 36.788,175.95 40.235,160.84 48.537,150 56.888,139.1 69.418,130.96 81.392,125.14"];
	3 -> 2 [color=blue, pos="e,35.389,38.111 90.784,105.04 76.417,99.185 59.12,89.82 48.537,76 42.44,68.039 38.962,57.776 36.99,48.157"];
	3 -> 4 [color=blue, pos="e,175.35,35.977 128.59,96.195 139.83,81.715 156.23,60.603 169.03,44.117"];
}
